<?xml version="1.0" encoding="UTF-8"?>
<!-- Generated by org.testng.reporters.JUnitReportReporter -->
<testsuite hostname="DESKTOP-SGV8PKT" failures="0" tests="5" name="magentoWebSiteTesting.MyFirstTest" time="19.157" errors="0" timestamp="2024-08-13T15:19:39 EET" skipped="4">
  <testcase classname="magentoWebSiteTesting.MyFirstTest" name="addWomenItem" time="19.157"/>
  <system-out/>
  <testcase classname="magentoWebSiteTesting.MyFirstTest" name="addMenItem">
    <skipped/>
  </testcase> <!-- addMenItem -->
  <system-out/>
  <testcase classname="magentoWebSiteTesting.MyFirstTest" name="CreateAnAccount">
    <skipped/>
  </testcase> <!-- CreateAnAccount -->
  <system-out/>
  <testcase classname="magentoWebSiteTesting.MyFirstTest" name="logOut">
    <skipped/>
  </testcase> <!-- logOut -->
  <system-out/>
  <testcase classname="magentoWebSiteTesting.MyFirstTest" name="loginTest">
    <skipped/>
  </testcase> <!-- loginTest -->
  <system-out/>
</testsuite> <!-- magentoWebSiteTesting.MyFirstTest -->
