<?xml version="1.0" encoding="UTF-8"?>
<!-- Generated by org.testng.reporters.JUnitReportReporter -->
<testsuite hostname="DESKTOP-SGV8PKT" failures="0" tests="4" name="magentoWebSiteTesting.MyFirstTest" time="4.581" errors="0" timestamp="2024-08-11T19:31:55 EET" skipped="3">
  <testcase classname="magentoWebSiteTesting.MyFirstTest" name="addMenItem" time="4.581"/>
  <system-out/>
  <testcase classname="magentoWebSiteTesting.MyFirstTest" name="CreateAnAccount">
    <skipped/>
  </testcase> <!-- CreateAnAccount -->
  <system-out/>
  <testcase classname="magentoWebSiteTesting.MyFirstTest" name="logOut">
    <skipped/>
  </testcase> <!-- logOut -->
  <system-out/>
  <testcase classname="magentoWebSiteTesting.MyFirstTest" name="loginTest">
    <skipped/>
  </testcase> <!-- loginTest -->
  <system-out/>
</testsuite> <!-- magentoWebSiteTesting.MyFirstTest -->
